C:\Users\ASUS\Desktop\getfundnetvalue\getFundNetValue\Debug\cl.command.1.tlog
C:\Users\ASUS\Desktop\getfundnetvalue\getFundNetValue\Debug\CL.read.1.tlog
C:\Users\ASUS\Desktop\getfundnetvalue\getFundNetValue\Debug\CL.write.1.tlog
C:\USERS\ASUS\DESKTOP\GETFUNDNETVALUE\GETFUNDNETVALUE\DEBUG\GETFUNDNETVALUE.EXE
C:\USERS\ASUS\DESKTOP\GETFUNDNETVALUE\GETFUNDNETVALUE\DEBUG\GETFUNDNETVALUE.EXE.EMBED.MANIFEST
C:\USERS\ASUS\DESKTOP\GETFUNDNETVALUE\GETFUNDNETVALUE\DEBUG\GETFUNDNETVALUE.EXE.EMBED.MANIFEST.RES
C:\USERS\ASUS\DESKTOP\GETFUNDNETVALUE\GETFUNDNETVALUE\DEBUG\GETFUNDNETVALUE.EXE.INTERMEDIATE.MANIFEST
C:\USERS\ASUS\DESKTOP\GETFUNDNETVALUE\GETFUNDNETVALUE\DEBUG\GETFUNDNETVALUE.ILK
C:\USERS\ASUS\DESKTOP\GETFUNDNETVALUE\GETFUNDNETVALUE\DEBUG\GETFUNDNETVALUE.OBJ
C:\USERS\ASUS\DESKTOP\GETFUNDNETVALUE\GETFUNDNETVALUE\DEBUG\GETFUNDNETVALUE.PCH
C:\USERS\ASUS\DESKTOP\GETFUNDNETVALUE\GETFUNDNETVALUE\DEBUG\GETFUNDNETVALUE.PDB
C:\Users\ASUS\Desktop\getfundnetvalue\getFundNetValue\Debug\getFundNetValue.vcxprojResolveAssemblyReference.cache
C:\Users\ASUS\Desktop\getfundnetvalue\getFundNetValue\Debug\getFundNetValue.write.1.tlog
C:\Users\ASUS\Desktop\getfundnetvalue\getFundNetValue\Debug\getFundNetValue_manifest.rc
C:\USERS\ASUS\DESKTOP\GETFUNDNETVALUE\GETFUNDNETVALUE\DEBUG\GETFUNDNETVALUENEW.OBJ
C:\Users\ASUS\Desktop\getfundnetvalue\getFundNetValue\Debug\link.14680.read.1.tlog
C:\Users\ASUS\Desktop\getfundnetvalue\getFundNetValue\Debug\link.14680.write.1.tlog
C:\Users\ASUS\Desktop\getfundnetvalue\getFundNetValue\Debug\link.14680-cvtres.read.1.tlog
C:\Users\ASUS\Desktop\getfundnetvalue\getFundNetValue\Debug\link.14680-cvtres.write.1.tlog
C:\Users\ASUS\Desktop\getfundnetvalue\getFundNetValue\Debug\link.17996.read.1.tlog
C:\Users\ASUS\Desktop\getfundnetvalue\getFundNetValue\Debug\link.17996.write.1.tlog
C:\Users\ASUS\Desktop\getfundnetvalue\getFundNetValue\Debug\link.17996-cvtres.read.1.tlog
C:\Users\ASUS\Desktop\getfundnetvalue\getFundNetValue\Debug\link.17996-cvtres.write.1.tlog
C:\Users\ASUS\Desktop\getfundnetvalue\getFundNetValue\Debug\link.22828.read.1.tlog
C:\Users\ASUS\Desktop\getfundnetvalue\getFundNetValue\Debug\link.22828.write.1.tlog
C:\Users\ASUS\Desktop\getfundnetvalue\getFundNetValue\Debug\link.22828-cvtres.read.1.tlog
C:\Users\ASUS\Desktop\getfundnetvalue\getFundNetValue\Debug\link.22828-cvtres.write.1.tlog
C:\Users\ASUS\Desktop\getfundnetvalue\getFundNetValue\Debug\link.24048.read.1.tlog
C:\Users\ASUS\Desktop\getfundnetvalue\getFundNetValue\Debug\link.24048.write.1.tlog
C:\Users\ASUS\Desktop\getfundnetvalue\getFundNetValue\Debug\link.24048-cvtres.read.1.tlog
C:\Users\ASUS\Desktop\getfundnetvalue\getFundNetValue\Debug\link.24048-cvtres.write.1.tlog
C:\Users\ASUS\Desktop\getfundnetvalue\getFundNetValue\Debug\link.4976.read.1.tlog
C:\Users\ASUS\Desktop\getfundnetvalue\getFundNetValue\Debug\link.4976.write.1.tlog
C:\Users\ASUS\Desktop\getfundnetvalue\getFundNetValue\Debug\link.4976-cvtres.read.1.tlog
C:\Users\ASUS\Desktop\getfundnetvalue\getFundNetValue\Debug\link.4976-cvtres.write.1.tlog
C:\Users\ASUS\Desktop\getfundnetvalue\getFundNetValue\Debug\link.6768.read.1.tlog
C:\Users\ASUS\Desktop\getfundnetvalue\getFundNetValue\Debug\link.6768.write.1.tlog
C:\Users\ASUS\Desktop\getfundnetvalue\getFundNetValue\Debug\link.6768-cvtres.read.1.tlog
C:\Users\ASUS\Desktop\getfundnetvalue\getFundNetValue\Debug\link.6768-cvtres.write.1.tlog
C:\Users\ASUS\Desktop\getfundnetvalue\getFundNetValue\Debug\link.9176.read.1.tlog
C:\Users\ASUS\Desktop\getfundnetvalue\getFundNetValue\Debug\link.9176.write.1.tlog
C:\Users\ASUS\Desktop\getfundnetvalue\getFundNetValue\Debug\link.9176-cvtres.read.1.tlog
C:\Users\ASUS\Desktop\getfundnetvalue\getFundNetValue\Debug\link.9176-cvtres.write.1.tlog
C:\Users\ASUS\Desktop\getfundnetvalue\getFundNetValue\Debug\link.command.1.tlog
C:\Users\ASUS\Desktop\getfundnetvalue\getFundNetValue\Debug\link.read.1.tlog
C:\Users\ASUS\Desktop\getfundnetvalue\getFundNetValue\Debug\link.write.1.tlog
C:\Users\ASUS\Desktop\getfundnetvalue\getFundNetValue\Debug\link-cvtres.read.1.tlog
C:\Users\ASUS\Desktop\getfundnetvalue\getFundNetValue\Debug\link-cvtres.write.1.tlog
C:\Users\ASUS\Desktop\getfundnetvalue\getFundNetValue\Debug\mt.command.1.tlog
C:\Users\ASUS\Desktop\getfundnetvalue\getFundNetValue\Debug\mt.read.1.tlog
C:\Users\ASUS\Desktop\getfundnetvalue\getFundNetValue\Debug\mt.write.1.tlog
C:\Users\ASUS\Desktop\getfundnetvalue\getFundNetValue\Debug\rc.command.1.tlog
C:\Users\ASUS\Desktop\getfundnetvalue\getFundNetValue\Debug\rc.read.1.tlog
C:\Users\ASUS\Desktop\getfundnetvalue\getFundNetValue\Debug\rc.write.1.tlog
C:\USERS\ASUS\DESKTOP\GETFUNDNETVALUE\GETFUNDNETVALUE\DEBUG\STDAFX.OBJ
C:\USERS\ASUS\DESKTOP\GETFUNDNETVALUE\GETFUNDNETVALUE\DEBUG\TOOL.OBJ
C:\Users\ASUS\Desktop\getfundnetvalue\getFundNetValue\Debug\vc100.idb
C:\USERS\ASUS\DESKTOP\GETFUNDNETVALUE\GETFUNDNETVALUE\DEBUG\VC100.PDB
